<?xml version="1.0" encoding="UTF-8"?>
<!-- Generated by org.testng.reporters.JUnitXMLReporter -->
<testsuite ignored="0" hostname="IN-PG03526Q" failures="0" tests="3" name="Test" time="98.007" errors="0" timestamp="2024-05-16T20:31:45 IST">
  <testcase classname="tests.TestHomePage" name="verifyHomePageTitle" time="81.994"/>
  <testcase classname="tests.TestTravelPage" name="VerifyCartPage" time="8.012"/>
  <testcase classname="tests.TestTravelPage" name="verifyFlightPageElements" time="0.215"/>
</testsuite> <!-- Test -->
